<?xml version="1.0" encoding="UTF-8"?>
<!-- Generated by org.testng.reporters.JUnitReportReporter -->
<testsuite hostname="DESKTOP-8E1JSKF" failures="0" tests="1" name="com.Test.WheelGameTestCases" time="82.465" errors="0" timestamp="2022-05-27T11:03:00 IST" skipped="0">
  <testcase classname="com.Test.WheelGameTestCases" name="WheelGameFairnessButton" time="82.465"/>
  <system-out/>
</testsuite> <!-- com.Test.WheelGameTestCases -->
