<?xml version="1.0" encoding="UTF-8"?>
<!-- Generated by org.testng.reporters.JUnitReportReporter -->
<testsuite hostname="DESKTOP-8E1JSKF" failures="0" tests="11" name="com.Test.MinesGameTestCases" time="68.929" errors="0" timestamp="2022-05-17T20:26:10 IST" skipped="10">
  <testcase classname="com.Test.MinesGameTestCases" name="MinesGameBetMaxAmount" time="68.929"/>
  <system-out/>
  <testcase classname="com.Test.MinesGameTestCases" name="MinesGameSetting">
    <skipped/>
  </testcase> <!-- MinesGameSetting -->
  <system-out/>
  <testcase classname="com.Test.MinesGameTestCases" name="MinesGameRules">
    <skipped/>
  </testcase> <!-- MinesGameRules -->
  <system-out/>
  <testcase classname="com.Test.MinesGameTestCases" name="ErrorMessageForMaxAmount">
    <skipped/>
  </testcase> <!-- ErrorMessageForMaxAmount -->
  <system-out/>
  <testcase classname="com.Test.MinesGameTestCases" name="MinesGameBetWithHalfAmount">
    <skipped/>
  </testcase> <!-- MinesGameBetWithHalfAmount -->
  <system-out/>
  <testcase classname="com.Test.MinesGameTestCases" name="MinesGameBetAfterLogin">
    <skipped/>
  </testcase> <!-- MinesGameBetAfterLogin -->
  <system-out/>
  <testcase classname="com.Test.MinesGameTestCases" name="MinesGameBetWithDoubleAmount">
    <skipped/>
  </testcase> <!-- MinesGameBetWithDoubleAmount -->
  <system-out/>
  <testcase classname="com.Test.MinesGameTestCases" name="MinesGameSetMines">
    <skipped/>
  </testcase> <!-- MinesGameSetMines -->
  <system-out/>
  <testcase classname="com.Test.MinesGameTestCases" name="LoginAsValidUser">
    <skipped/>
  </testcase> <!-- LoginAsValidUser -->
  <system-out/>
  <testcase classname="com.Test.MinesGameTestCases" name="MinesGameLiveStats">
    <skipped/>
  </testcase> <!-- MinesGameLiveStats -->
  <system-out/>
  <testcase classname="com.Test.MinesGameTestCases" name="MinesGameFairnessIcon">
    <skipped/>
  </testcase> <!-- MinesGameFairnessIcon -->
  <system-out/>
</testsuite> <!-- com.Test.MinesGameTestCases -->
