<?xml version="1.0" encoding="UTF-8"?>
<!-- Generated by org.testng.reporters.JUnitReportReporter -->
<testsuite hostname="DESKTOP-8E1JSKF" failures="0" tests="1" name="com.Test.WalletModule" time="42.636" errors="0" timestamp="2022-05-19T10:38:00 IST" skipped="0">
  <testcase classname="com.Test.WalletModule" name="WalletModuleFlow" time="42.636"/>
  <system-out/>
</testsuite> <!-- com.Test.WalletModule -->
