<?xml version="1.0" encoding="UTF-8"?>
<!-- Generated by org.testng.reporters.JUnitReportReporter -->
<testsuite hostname="DESKTOP-8E1JSKF" failures="0" tests="15" name="com.Test.WheelGameTestCases" time="929.523" errors="0" timestamp="2022-05-23T01:14:57 IST" skipped="0">
  <testcase classname="com.Test.WheelGameTestCases" name="WheelGameBetWithLowRisk" time="64.154"/>
  <system-out/>
  <testcase classname="com.Test.WheelGameTestCases" name="WheelGameBetWithMediumRisk" time="66.935"/>
  <system-out/>
  <testcase classname="com.Test.WheelGameTestCases" name="WheelGameBetWithHighRisk" time="64.711"/>
  <system-out/>
  <testcase classname="com.Test.WheelGameTestCases" name="WheelGameBetWithAllSegments" time="101.341"/>
  <system-out/>
  <testcase classname="com.Test.WheelGameTestCases" name="WheelGameBetWithHalfAmount" time="56.048"/>
  <system-out/>
  <testcase classname="com.Test.WheelGameTestCases" name="WheelGameBetWithDoubleAmount" time="68.040"/>
  <system-out/>
  <testcase classname="com.Test.WheelGameTestCases" name="WheelGameBetWithMaximumAmount" time="56.144"/>
  <system-out/>
  <testcase classname="com.Test.WheelGameTestCases" name="WheelGameSetting" time="46.485"/>
  <system-out/>
  <testcase classname="com.Test.WheelGameTestCases" name="WheelGameRules" time="49.991"/>
  <system-out/>
  <testcase classname="com.Test.WheelGameTestCases" name="WheelGameLiveStatsButton" time="37.398"/>
  <system-out/>
  <testcase classname="com.Test.WheelGameTestCases" name="WheelGameFairnessButton" time="43.552"/>
  <system-out/>
  <testcase classname="com.Test.WheelGameTestCases" name="WheelGameAutoBetTab" time="59.584"/>
  <system-out/>
  <testcase classname="com.Test.WheelGameTestCases" name="WheelGameAutoHalfAmount" time="73.638"/>
  <system-out/>
  <testcase classname="com.Test.WheelGameTestCases" name="WheelGameAutoDoubleAmount" time="64.624"/>
  <system-out/>
  <testcase classname="com.Test.WheelGameTestCases" name="WheelGameAutoNumberOfBetsTwo" time="76.878"/>
  <system-out/>
</testsuite> <!-- com.Test.WheelGameTestCases -->
