<?xml version="1.0" encoding="UTF-8"?>
<!-- Generated by org.testng.reporters.JUnitReportReporter -->
<testsuite hostname="DESKTOP-8E1JSKF" failures="0" tests="6" name="com.Test.DashBoardpageTestCases" time="282.818" errors="0" timestamp="2022-05-23T16:08:56 IST" skipped="0">
  <testcase classname="com.Test.DashBoardpageTestCases" name="ValidateFlushOriginalsSection" time="42.775"/>
  <system-out/>
  <testcase classname="com.Test.DashBoardpageTestCases" name="ValidateLiveCasinoSection" time="40.765"/>
  <system-out/>
  <testcase classname="com.Test.DashBoardpageTestCases" name="ValidateSlotsSection" time="34.833"/>
  <system-out/>
  <testcase classname="com.Test.DashBoardpageTestCases" name="ValidateAllGameLinks" time="99.485"/>
  <system-out/>
  <testcase classname="com.Test.DashBoardpageTestCases" name="ChatboxIcon" time="35.701"/>
  <system-out/>
  <testcase classname="com.Test.DashBoardpageTestCases" name="changeLanguage" time="29.259"/>
  <system-out/>
</testsuite> <!-- com.Test.DashBoardpageTestCases -->
