<?xml version="1.0" encoding="UTF-8"?>
<!-- Generated by org.testng.reporters.JUnitReportReporter -->
<testsuite hostname="DESKTOP-8E1JSKF" failures="0" tests="15" name="com.Test.HomepageFooter" time="717.233" errors="0" timestamp="2022-05-20T19:02:40 IST" skipped="0">
  <testcase classname="com.Test.HomepageFooter" name="provablyFair" time="55.437"/>
  <system-out/>
  <testcase classname="com.Test.HomepageFooter" name="gambleAware" time="82.912"/>
  <system-out/>
  <testcase classname="com.Test.HomepageFooter" name="HomeButton" time="50.034"/>
  <system-out/>
  <testcase classname="com.Test.HomepageFooter" name="AMLPolicy" time="56.776"/>
  <system-out/>
  <testcase classname="com.Test.HomepageFooter" name="PrivacyPolicy" time="56.787"/>
  <system-out/>
  <testcase classname="com.Test.HomepageFooter" name="KYCPolicy" time="46.534"/>
  <system-out/>
  <testcase classname="com.Test.HomepageFooter" name="ResponsibleGaming" time="50.056"/>
  <system-out/>
  <testcase classname="com.Test.HomepageFooter" name="TermsofService" time="48.292"/>
  <system-out/>
  <testcase classname="com.Test.HomepageFooter" name="FooterLanguageIcon" time="19.481"/>
  <system-out/>
  <testcase classname="com.Test.HomepageFooter" name="FooterLanguageIconSecondLang" time="20.420"/>
  <system-out/>
  <testcase classname="com.Test.HomepageFooter" name="FooterLanguageIconThirdLang" time="20.609"/>
  <system-out/>
  <testcase classname="com.Test.HomepageFooter" name="FooterLanguageIconFourthLang" time="19.800"/>
  <system-out/>
  <testcase classname="com.Test.HomepageFooter" name="FooterFacebookIcon" time="61.643"/>
  <system-out/>
  <testcase classname="com.Test.HomepageFooter" name="FooterTwitterIcon" time="59.294"/>
  <system-out/>
  <testcase classname="com.Test.HomepageFooter" name="FooterInstagramIcon" time="69.158"/>
  <system-out/>
</testsuite> <!-- com.Test.HomepageFooter -->
