<?xml version="1.0" encoding="UTF-8"?>
<!-- Generated by org.testng.reporters.JUnitReportReporter -->
<testsuite hostname="DESKTOP-8E1JSKF" failures="0" tests="12" name="com.Test.CrashGameTestCases" time="111.170" errors="0" timestamp="2022-05-27T11:37:38 IST" skipped="11">
  <testcase classname="com.Test.CrashGameTestCases" name="CrashGameFairnessIcon" time="111.170"/>
  <system-out/>
  <testcase classname="com.Test.CrashGameTestCases" name="CrashGameLoginDuringLogout">
    <skipped/>
  </testcase> <!-- CrashGameLoginDuringLogout -->
  <system-out/>
  <testcase classname="com.Test.CrashGameTestCases" name="CrashGameBetWithHalfAmount">
    <skipped/>
  </testcase> <!-- CrashGameBetWithHalfAmount -->
  <system-out/>
  <testcase classname="com.Test.CrashGameTestCases" name="CrashGameSetting">
    <skipped/>
  </testcase> <!-- CrashGameSetting -->
  <system-out/>
  <testcase classname="com.Test.CrashGameTestCases" name="CrashGameAutoNumberOfBetsTwo">
    <skipped/>
  </testcase> <!-- CrashGameAutoNumberOfBetsTwo -->
  <system-out/>
  <testcase classname="com.Test.CrashGameTestCases" name="CrashGameBetWithDoubleAmount">
    <skipped/>
  </testcase> <!-- CrashGameBetWithDoubleAmount -->
  <system-out/>
  <testcase classname="com.Test.CrashGameTestCases" name="CrashGameLiveStatsChecking">
    <skipped/>
  </testcase> <!-- CrashGameLiveStatsChecking -->
  <system-out/>
  <testcase classname="com.Test.CrashGameTestCases" name="CrashGameBetAfterLogin">
    <skipped/>
  </testcase> <!-- CrashGameBetAfterLogin -->
  <system-out/>
  <testcase classname="com.Test.CrashGameTestCases" name="CrashGameLiveStatsButton">
    <skipped/>
  </testcase> <!-- CrashGameLiveStatsButton -->
  <system-out/>
  <testcase classname="com.Test.CrashGameTestCases" name="CrashGameBetMaxAmount">
    <skipped/>
  </testcase> <!-- CrashGameBetMaxAmount -->
  <system-out/>
  <testcase classname="com.Test.CrashGameTestCases" name="CrashGameBetFullFlowChecking">
    <skipped/>
  </testcase> <!-- CrashGameBetFullFlowChecking -->
  <system-out/>
  <testcase classname="com.Test.CrashGameTestCases" name="CrashGameRules">
    <skipped/>
  </testcase> <!-- CrashGameRules -->
  <system-out/>
</testsuite> <!-- com.Test.CrashGameTestCases -->
