<?xml version="1.0" encoding="UTF-8"?>
<!-- Generated by org.testng.reporters.JUnitReportReporter -->
<testsuite hostname="DESKTOP-8E1JSKF" failures="0" tests="15" name="com.Test.HomepageFooter" time="465.041" errors="0" timestamp="2022-05-23T14:28:04 IST" skipped="0">
  <testcase classname="com.Test.HomepageFooter" name="provablyFair" time="21.192"/>
  <system-out/>
  <testcase classname="com.Test.HomepageFooter" name="gambleAware" time="75.199"/>
  <system-out/>
  <testcase classname="com.Test.HomepageFooter" name="HomeButton" time="26.383"/>
  <system-out/>
  <testcase classname="com.Test.HomepageFooter" name="AMLPolicy" time="52.207"/>
  <system-out/>
  <testcase classname="com.Test.HomepageFooter" name="PrivacyPolicy" time="61.974"/>
  <system-out/>
  <testcase classname="com.Test.HomepageFooter" name="KYCPolicy" time="17.792"/>
  <system-out/>
  <testcase classname="com.Test.HomepageFooter" name="ResponsibleGaming" time="17.177"/>
  <system-out/>
  <testcase classname="com.Test.HomepageFooter" name="TermsofService" time="22.789"/>
  <system-out/>
  <testcase classname="com.Test.HomepageFooter" name="FooterLanguageIcon" time="19.184"/>
  <system-out/>
  <testcase classname="com.Test.HomepageFooter" name="FooterLanguageIconSecondLang" time="19.163"/>
  <system-out/>
  <testcase classname="com.Test.HomepageFooter" name="FooterLanguageIconThirdLang" time="15.647"/>
  <system-out/>
  <testcase classname="com.Test.HomepageFooter" name="FooterLanguageIconFourthLang" time="18.905"/>
  <system-out/>
  <testcase classname="com.Test.HomepageFooter" name="FooterFacebookIcon" time="29.506"/>
  <system-out/>
  <testcase classname="com.Test.HomepageFooter" name="FooterTwitterIcon" time="26.783"/>
  <system-out/>
  <testcase classname="com.Test.HomepageFooter" name="FooterInstagramIcon" time="41.140"/>
  <system-out/>
</testsuite> <!-- com.Test.HomepageFooter -->
