<?xml version="1.0" encoding="UTF-8"?>
<!-- Generated by org.testng.reporters.JUnitReportReporter -->
<testsuite hostname="DESKTOP-8E1JSKF" failures="0" tests="6" name="com.Test.DashBoardpageTestCases" time="27.789" errors="0" timestamp="2022-05-19T16:24:42 IST" skipped="5">
  <testcase classname="com.Test.DashBoardpageTestCases" name="changeLanguage" time="27.789"/>
  <system-out/>
  <testcase classname="com.Test.DashBoardpageTestCases" name="ValidateFlushOriginalsSection">
    <skipped/>
  </testcase> <!-- ValidateFlushOriginalsSection -->
  <system-out/>
  <testcase classname="com.Test.DashBoardpageTestCases" name="ValidateLiveCasinoSection">
    <skipped/>
  </testcase> <!-- ValidateLiveCasinoSection -->
  <system-out/>
  <testcase classname="com.Test.DashBoardpageTestCases" name="ValidateSlotsSection">
    <skipped/>
  </testcase> <!-- ValidateSlotsSection -->
  <system-out/>
  <testcase classname="com.Test.DashBoardpageTestCases" name="ChatboxIcon">
    <skipped/>
  </testcase> <!-- ChatboxIcon -->
  <system-out/>
  <testcase classname="com.Test.DashBoardpageTestCases" name="ValidateAllGameLinks">
    <skipped/>
  </testcase> <!-- ValidateAllGameLinks -->
  <system-out/>
</testsuite> <!-- com.Test.DashBoardpageTestCases -->
