<?xml version="1.0" encoding="UTF-8"?>
<!-- Generated by org.testng.reporters.JUnitReportReporter -->
<testsuite hostname="DESKTOP-8E1JSKF" failures="0" tests="15" name="com.Test.WheelGameTestCases" time="172.020" errors="0" timestamp="2022-05-17T20:19:21 IST" skipped="13">
  <testcase classname="com.Test.WheelGameTestCases" name="WheelGameAutoBetTab" time="85.407"/>
  <system-out/>
  <testcase classname="com.Test.WheelGameTestCases" name="WheelGameAutoHalfAmount" time="86.613"/>
  <system-out/>
  <testcase classname="com.Test.WheelGameTestCases" name="WheelGameBetWithHighRisk">
    <skipped/>
  </testcase> <!-- WheelGameBetWithHighRisk -->
  <system-out/>
  <testcase classname="com.Test.WheelGameTestCases" name="WheelGameLiveStatsButton">
    <skipped/>
  </testcase> <!-- WheelGameLiveStatsButton -->
  <system-out/>
  <testcase classname="com.Test.WheelGameTestCases" name="WheelGameSetting">
    <skipped/>
  </testcase> <!-- WheelGameSetting -->
  <system-out/>
  <testcase classname="com.Test.WheelGameTestCases" name="WheelGameFairnessButton">
    <skipped/>
  </testcase> <!-- WheelGameFairnessButton -->
  <system-out/>
  <testcase classname="com.Test.WheelGameTestCases" name="WheelGameBetWithHalfAmount">
    <skipped/>
  </testcase> <!-- WheelGameBetWithHalfAmount -->
  <system-out/>
  <testcase classname="com.Test.WheelGameTestCases" name="WheelGameBetWithMediumRisk">
    <skipped/>
  </testcase> <!-- WheelGameBetWithMediumRisk -->
  <system-out/>
  <testcase classname="com.Test.WheelGameTestCases" name="WheelGameBetWithLowRisk">
    <skipped/>
  </testcase> <!-- WheelGameBetWithLowRisk -->
  <system-out/>
  <testcase classname="com.Test.WheelGameTestCases" name="WheelGameBetWithAllSegments">
    <skipped/>
  </testcase> <!-- WheelGameBetWithAllSegments -->
  <system-out/>
  <testcase classname="com.Test.WheelGameTestCases" name="WheelGameAutoDoubleAmount">
    <skipped/>
  </testcase> <!-- WheelGameAutoDoubleAmount -->
  <system-out/>
  <testcase classname="com.Test.WheelGameTestCases" name="WheelGameBetWithDoubleAmount">
    <skipped/>
  </testcase> <!-- WheelGameBetWithDoubleAmount -->
  <system-out/>
  <testcase classname="com.Test.WheelGameTestCases" name="WheelGameAutoNumberOfBetsTwo">
    <skipped/>
  </testcase> <!-- WheelGameAutoNumberOfBetsTwo -->
  <system-out/>
  <testcase classname="com.Test.WheelGameTestCases" name="WheelGameBetWithMaximumAmount">
    <skipped/>
  </testcase> <!-- WheelGameBetWithMaximumAmount -->
  <system-out/>
  <testcase classname="com.Test.WheelGameTestCases" name="WheelGameRules">
    <skipped/>
  </testcase> <!-- WheelGameRules -->
  <system-out/>
</testsuite> <!-- com.Test.WheelGameTestCases -->
