<?xml version="1.0" encoding="UTF-8"?>
<!-- Generated by org.testng.reporters.JUnitReportReporter -->
<testsuite hostname="DESKTOP-8E1JSKF" failures="0" tests="34" name="com.Test.HomepageTest" time="164.732" errors="0" timestamp="2022-05-25T08:50:01 IST" skipped="32">
  <testcase classname="com.Test.HomepageTest" name="LoginWelcomeRegistration" time="88.606"/>
  <system-out/>
  <testcase classname="com.Test.HomepageTest" name="JoinEmailGoogleLogin" time="76.126"/>
  <system-out/>
  <testcase classname="com.Test.HomepageTest" name="JoinWithYourEmail">
    <skipped/>
  </testcase> <!-- JoinWithYourEmail -->
  <system-out/>
  <testcase classname="com.Test.HomepageTest" name="Transaction">
    <skipped/>
  </testcase> <!-- Transaction -->
  <system-out/>
  <testcase classname="com.Test.HomepageTest" name="PasswordCancel">
    <skipped/>
  </testcase> <!-- PasswordCancel -->
  <system-out/>
  <testcase classname="com.Test.HomepageTest" name="JoinEmailLogin">
    <skipped/>
  </testcase> <!-- JoinEmailLogin -->
  <system-out/>
  <testcase classname="com.Test.HomepageTest" name="VIP">
    <skipped/>
  </testcase> <!-- VIP -->
  <system-out/>
  <testcase classname="com.Test.HomepageTest" name="Minesgamelogin">
    <skipped/>
  </testcase> <!-- Minesgamelogin -->
  <system-out/>
  <testcase classname="com.Test.HomepageTest" name="RecoveryPasswordBackToLogin">
    <skipped/>
  </testcase> <!-- RecoveryPasswordBackToLogin -->
  <system-out/>
  <testcase classname="com.Test.HomepageTest" name="SignupGoogleLogin">
    <skipped/>
  </testcase> <!-- SignupGoogleLogin -->
  <system-out/>
  <testcase classname="com.Test.HomepageTest" name="Signup">
    <skipped/>
  </testcase> <!-- Signup -->
  <system-out/>
  <testcase classname="com.Test.HomepageTest" name="PasswordNotMatch">
    <skipped/>
  </testcase> <!-- PasswordNotMatch -->
  <system-out/>
  <testcase classname="com.Test.HomepageTest" name="Wheelgame">
    <skipped/>
  </testcase> <!-- Wheelgame -->
  <system-out/>
  <testcase classname="com.Test.HomepageTest" name="Minesgame">
    <skipped/>
  </testcase> <!-- Minesgame -->
  <system-out/>
  <testcase classname="com.Test.HomepageTest" name="UserLogout">
    <skipped/>
  </testcase> <!-- UserLogout -->
  <system-out/>
  <testcase classname="com.Test.HomepageTest" name="Statistics">
    <skipped/>
  </testcase> <!-- Statistics -->
  <system-out/>
  <testcase classname="com.Test.HomepageTest" name="Crashgame">
    <skipped/>
  </testcase> <!-- Crashgame -->
  <system-out/>
  <testcase classname="com.Test.HomepageTest" name="Dicegame">
    <skipped/>
  </testcase> <!-- Dicegame -->
  <system-out/>
  <testcase classname="com.Test.HomepageTest" name="StatisticsPageChecking">
    <skipped/>
  </testcase> <!-- StatisticsPageChecking -->
  <system-out/>
  <testcase classname="com.Test.HomepageTest" name="CrashgameLogin">
    <skipped/>
  </testcase> <!-- CrashgameLogin -->
  <system-out/>
  <testcase classname="com.Test.HomepageTest" name="TransactionPageTabsChecking">
    <skipped/>
  </testcase> <!-- TransactionPageTabsChecking -->
  <system-out/>
  <testcase classname="com.Test.HomepageTest" name="OldPasswordInvalid">
    <skipped/>
  </testcase> <!-- OldPasswordInvalid -->
  <system-out/>
  <testcase classname="com.Test.HomepageTest" name="Wheelgamelogin">
    <skipped/>
  </testcase> <!-- Wheelgamelogin -->
  <system-out/>
  <testcase classname="com.Test.HomepageTest" name="InvalidUser">
    <skipped/>
  </testcase> <!-- InvalidUser -->
  <system-out/>
  <testcase classname="com.Test.HomepageTest" name="Settings">
    <skipped/>
  </testcase> <!-- Settings -->
  <system-out/>
  <testcase classname="com.Test.HomepageTest" name="LoginAsValidUser">
    <skipped/>
  </testcase> <!-- LoginAsValidUser -->
  <system-out/>
  <testcase classname="com.Test.HomepageTest" name="SignupLogin">
    <skipped/>
  </testcase> <!-- SignupLogin -->
  <system-out/>
  <testcase classname="com.Test.HomepageTest" name="ChangePassword">
    <skipped/>
  </testcase> <!-- ChangePassword -->
  <system-out/>
  <testcase classname="com.Test.HomepageTest" name="LoginWelcomeGoogleIcon">
    <skipped/>
  </testcase> <!-- LoginWelcomeGoogleIcon -->
  <system-out/>
  <testcase classname="com.Test.HomepageTest" name="DicegameLogin">
    <skipped/>
  </testcase> <!-- DicegameLogin -->
  <system-out/>
  <testcase classname="com.Test.HomepageTest" name="WalletBalaceList">
    <skipped/>
  </testcase> <!-- WalletBalaceList -->
  <system-out/>
  <testcase classname="com.Test.HomepageTest" name="ChangingUsername">
    <skipped/>
  </testcase> <!-- ChangingUsername -->
  <system-out/>
  <testcase classname="com.Test.HomepageTest" name="Adminpanel">
    <skipped/>
  </testcase> <!-- Adminpanel -->
  <system-out/>
  <testcase classname="com.Test.HomepageTest" name="LoginWelcomeForgot">
    <skipped/>
  </testcase> <!-- LoginWelcomeForgot -->
  <system-out/>
</testsuite> <!-- com.Test.HomepageTest -->
