<?xml version="1.0" encoding="UTF-8"?>
<!-- Generated by org.testng.reporters.JUnitReportReporter -->
<testsuite hostname="DESKTOP-8E1JSKF" failures="1" tests="12" name="com.Test.DiceGameTestcases" time="44.579" errors="0" timestamp="2022-05-17T19:42:53 IST" skipped="11">
  <testcase classname="com.Test.DiceGameTestcases" name="DiceGameBetFullFlowchecking" time="44.579">
    <failure message="expected [4.44719760] but found [4.44719759]" type="java.lang.AssertionError">
      <![CDATA[java.lang.AssertionError: expected [4.44719760] but found [4.44719759]
at org.testng.Assert.fail(Assert.java:99)
at org.testng.Assert.failNotEquals(Assert.java:1037)
at org.testng.Assert.assertEqualsImpl(Assert.java:140)
at org.testng.Assert.assertEquals(Assert.java:122)
at org.testng.Assert.assertEquals(Assert.java:629)
at org.testng.Assert.assertEquals(Assert.java:639)
at com.Test.DiceGameTestcases.DiceGameBetFullFlowchecking(DiceGameTestcases.java:198)
at java.base/jdk.internal.reflect.NativeMethodAccessorImpl.invoke0(Native Method)
at java.base/jdk.internal.reflect.NativeMethodAccessorImpl.invoke(NativeMethodAccessorImpl.java:77)
at java.base/jdk.internal.reflect.DelegatingMethodAccessorImpl.invoke(DelegatingMethodAccessorImpl.java:43)
at java.base/java.lang.reflect.Method.invoke(Method.java:568)
at org.testng.internal.MethodInvocationHelper.invokeMethod(MethodInvocationHelper.java:133)
at org.testng.internal.TestInvoker.invokeMethod(TestInvoker.java:598)
at org.testng.internal.TestInvoker.invokeTestMethod(TestInvoker.java:173)
at org.testng.internal.MethodRunner.runInSequence(MethodRunner.java:46)
at org.testng.internal.TestInvoker$MethodInvocationAgent.invoke(TestInvoker.java:824)
at org.testng.internal.TestInvoker.invokeTestMethods(TestInvoker.java:146)
at org.testng.internal.TestMethodWorker.invokeTestMethods(TestMethodWorker.java:146)
at org.testng.internal.TestMethodWorker.run(TestMethodWorker.java:128)
at java.base/java.util.ArrayList.forEach(ArrayList.java:1511)
at org.testng.TestRunner.privateRun(TestRunner.java:794)
at org.testng.TestRunner.run(TestRunner.java:596)
at org.testng.SuiteRunner.runTest(SuiteRunner.java:377)
at org.testng.SuiteRunner.runSequentially(SuiteRunner.java:371)
at org.testng.SuiteRunner.privateRun(SuiteRunner.java:332)
at org.testng.SuiteRunner.run(SuiteRunner.java:276)
at org.testng.SuiteRunnerWorker.runSuite(SuiteRunnerWorker.java:53)
at org.testng.SuiteRunnerWorker.run(SuiteRunnerWorker.java:96)
at org.testng.TestNG.runSuitesSequentially(TestNG.java:1212)
at org.testng.TestNG.runSuitesLocally(TestNG.java:1134)
at org.testng.TestNG.runSuites(TestNG.java:1063)
at org.testng.TestNG.run(TestNG.java:1031)
at org.testng.remote.AbstractRemoteTestNG.run(AbstractRemoteTestNG.java:115)
at org.testng.remote.RemoteTestNG.initAndRun(RemoteTestNG.java:251)
at org.testng.remote.RemoteTestNG.main(RemoteTestNG.java:77)
]]>
    </failure>
  </testcase> <!-- DiceGameBetFullFlowchecking -->
  <system-out/>
  <testcase classname="com.Test.DiceGameTestcases" name="DiceGameAutoDoubleAmount">
    <skipped/>
  </testcase> <!-- DiceGameAutoDoubleAmount -->
  <system-out/>
  <testcase classname="com.Test.DiceGameTestcases" name="DiceGameAutoButtonTab">
    <skipped/>
  </testcase> <!-- DiceGameAutoButtonTab -->
  <system-out/>
  <testcase classname="com.Test.DiceGameTestcases" name="DiceGameDoubleBetAmount">
    <skipped/>
  </testcase> <!-- DiceGameDoubleBetAmount -->
  <system-out/>
  <testcase classname="com.Test.DiceGameTestcases" name="DiceGameAutoHalfAmount">
    <skipped/>
  </testcase> <!-- DiceGameAutoHalfAmount -->
  <system-out/>
  <testcase classname="com.Test.DiceGameTestcases" name="MAximumErrorMessageChecking">
    <skipped/>
  </testcase> <!-- MAximumErrorMessageChecking -->
  <system-out/>
  <testcase classname="com.Test.DiceGameTestcases" name="DiceGameAutoNumberOfBetsThree">
    <skipped/>
  </testcase> <!-- DiceGameAutoNumberOfBetsThree -->
  <system-out/>
  <testcase classname="com.Test.DiceGameTestcases" name="DiceGameLiveStatsButton">
    <skipped/>
  </testcase> <!-- DiceGameLiveStatsButton -->
  <system-out/>
  <testcase classname="com.Test.DiceGameTestcases" name="DiceGameSetting">
    <skipped/>
  </testcase> <!-- DiceGameSetting -->
  <system-out/>
  <testcase classname="com.Test.DiceGameTestcases" name="DiceGameFairNessbutton">
    <skipped/>
  </testcase> <!-- DiceGameFairNessbutton -->
  <system-out/>
  <testcase classname="com.Test.DiceGameTestcases" name="DiceGameRules">
    <skipped/>
  </testcase> <!-- DiceGameRules -->
  <system-out/>
  <testcase classname="com.Test.DiceGameTestcases" name="HalfAmount">
    <skipped/>
  </testcase> <!-- HalfAmount -->
  <system-out/>
</testsuite> <!-- com.Test.DiceGameTestcases -->
